<?xml version="1.0" encoding="UTF-8"?>
<testng-results ignored="7" total="9" passed="1" failed="1" skipped="0">
  <reporter-output>
  </reporter-output>
  <suite started-at="2023-04-17T07:11:41 IST" name="Failed suite [Default suite]" finished-at="2023-04-17T07:12:14 IST" duration-ms="33043">
    <groups>
    </groups>
    <test started-at="2023-04-17T07:11:41 IST" name="Default test(failed)" finished-at="2023-04-17T07:12:14 IST" duration-ms="33043">
      <class name="com.oneable.testcases.LoginPageTest">
        <test-method is-config="true" signature="beforeSuite()[pri:0, instance:com.oneable.testcases.LoginPageTest@4d5b6aac]" started-at="2023-04-17T07:11:37 IST" name="beforeSuite" finished-at="2023-04-17T07:11:41 IST" duration-ms="3801" status="PASS">
          <reporter-output>
          </reporter-output>
        </test-method> <!-- beforeSuite -->
        <test-method is-config="true" signature="launchApp()[pri:0, instance:com.oneable.testcases.LoginPageTest@4d5b6aac]" started-at="2023-04-17T07:11:41 IST" name="launchApp" finished-at="2023-04-17T07:11:55 IST" duration-ms="14486" status="PASS">
          <reporter-output>
          </reporter-output>
        </test-method> <!-- launchApp -->
        <test-method signature="loignTc01()[pri:0, instance:com.oneable.testcases.LoginPageTest@4d5b6aac]" started-at="2023-04-17T07:11:55 IST" name="loignTc01" finished-at="2023-04-17T07:12:02 IST" duration-ms="6917" status="PASS">
          <reporter-output>
          </reporter-output>
        </test-method> <!-- loignTc01 -->
        <test-method is-config="true" signature="closeApp()[pri:0, instance:com.oneable.testcases.LoginPageTest@4d5b6aac]" started-at="2023-04-17T07:12:02 IST" name="closeApp" finished-at="2023-04-17T07:12:03 IST" duration-ms="556" status="PASS">
          <reporter-output>
          </reporter-output>
        </test-method> <!-- closeApp -->
        <test-method is-config="true" signature="launchApp()[pri:0, instance:com.oneable.testcases.LoginPageTest@4d5b6aac]" started-at="2023-04-17T07:12:03 IST" name="launchApp" finished-at="2023-04-17T07:12:13 IST" duration-ms="9777" status="PASS">
          <reporter-output>
          </reporter-output>
        </test-method> <!-- launchApp -->
        <test-method signature="DomainVerification()[pri:0, instance:com.oneable.testcases.LoginPageTest@4d5b6aac]" started-at="2023-04-17T07:12:13 IST" name="DomainVerification" finished-at="2023-04-17T07:12:14 IST" duration-ms="1053" status="FAIL">
          <exception class="java.lang.AssertionError">
            <message>
              <![CDATA[expected [https://ojas.oneable.ai/login] but found [https://ojas.oneable.ai/]]]>
            </message>
            <full-stacktrace>
              <![CDATA[java.lang.AssertionError: expected [https://ojas.oneable.ai/login] but found [https://ojas.oneable.ai/]
at org.testng.Assert.fail(Assert.java:99)
at org.testng.Assert.failNotEquals(Assert.java:1037)
at org.testng.Assert.assertEqualsImpl(Assert.java:140)
at org.testng.Assert.assertEquals(Assert.java:122)
at org.testng.Assert.assertEquals(Assert.java:629)
at org.testng.Assert.assertEquals(Assert.java:639)
at com.oneable.testcases.LoginPageTest.DomainVerification(LoginPageTest.java:58)
at java.base/jdk.internal.reflect.NativeMethodAccessorImpl.invoke0(Native Method)
at java.base/jdk.internal.reflect.NativeMethodAccessorImpl.invoke(NativeMethodAccessorImpl.java:77)
at java.base/jdk.internal.reflect.DelegatingMethodAccessorImpl.invoke(DelegatingMethodAccessorImpl.java:43)
at java.base/java.lang.reflect.Method.invoke(Method.java:568)
at org.testng.internal.MethodInvocationHelper.invokeMethod(MethodInvocationHelper.java:133)
at org.testng.internal.TestInvoker.invokeMethod(TestInvoker.java:598)
at org.testng.internal.TestInvoker.invokeTestMethod(TestInvoker.java:173)
at org.testng.internal.MethodRunner.runInSequence(MethodRunner.java:46)
at org.testng.internal.TestInvoker$MethodInvocationAgent.invoke(TestInvoker.java:824)
at org.testng.internal.TestInvoker.invokeTestMethods(TestInvoker.java:146)
at org.testng.internal.TestMethodWorker.invokeTestMethods(TestMethodWorker.java:146)
at org.testng.internal.TestMethodWorker.run(TestMethodWorker.java:128)
at java.base/java.util.ArrayList.forEach(ArrayList.java:1511)
at org.testng.TestRunner.privateRun(TestRunner.java:794)
at org.testng.TestRunner.run(TestRunner.java:596)
at org.testng.SuiteRunner.runTest(SuiteRunner.java:377)
at org.testng.SuiteRunner.runSequentially(SuiteRunner.java:371)
at org.testng.SuiteRunner.privateRun(SuiteRunner.java:332)
at org.testng.SuiteRunner.run(SuiteRunner.java:276)
at org.testng.SuiteRunnerWorker.runSuite(SuiteRunnerWorker.java:53)
at org.testng.SuiteRunnerWorker.run(SuiteRunnerWorker.java:96)
at org.testng.TestNG.runSuitesSequentially(TestNG.java:1212)
at org.testng.TestNG.runSuitesLocally(TestNG.java:1134)
at org.testng.TestNG.runSuites(TestNG.java:1063)
at org.testng.TestNG.run(TestNG.java:1031)
at org.testng.remote.AbstractRemoteTestNG.run(AbstractRemoteTestNG.java:115)
at org.testng.remote.RemoteTestNG.initAndRun(RemoteTestNG.java:251)
at org.testng.remote.RemoteTestNG.main(RemoteTestNG.java:77)
]]>
            </full-stacktrace>
          </exception> <!-- java.lang.AssertionError -->
          <reporter-output>
          </reporter-output>
        </test-method> <!-- DomainVerification -->
        <test-method is-config="true" signature="closeApp()[pri:0, instance:com.oneable.testcases.LoginPageTest@4d5b6aac]" started-at="2023-04-17T07:12:14 IST" name="closeApp" finished-at="2023-04-17T07:12:14 IST" duration-ms="150" status="PASS">
          <reporter-output>
          </reporter-output>
        </test-method> <!-- closeApp -->
        <test-method is-config="true" signature="afterSuite()[pri:0, instance:com.oneable.testcases.LoginPageTest@4d5b6aac]" started-at="2023-04-17T07:12:14 IST" name="afterSuite" finished-at="2023-04-17T07:12:14 IST" duration-ms="2" status="PASS">
          <reporter-output>
          </reporter-output>
        </test-method> <!-- afterSuite -->
      </class> <!-- com.oneable.testcases.LoginPageTest -->
    </test> <!-- Default test(failed) -->
  </suite> <!-- Failed suite [Default suite] -->
</testng-results>
