<?xml version="1.0" encoding="UTF-8"?>
<!-- Generated by org.testng.reporters.JUnitXMLReporter -->
<testsuite ignored="7" hostname="WIN-Q2521SO8E4V" failures="1" tests="2" name="Default test(failed)" time="33.043" errors="0" timestamp="2023-04-17T07:12:14 IST">
  <testcase classname="com.oneable.testcases.LoginPageTest" name="loignTc01" time="6.917"/>
  <testcase classname="com.oneable.testcases.LoginPageTest" name="DomainVerification" time="1.053">
    <failure type="java.lang.AssertionError" message="expected [https://ojas.oneable.ai/login] but found [https://ojas.oneable.ai/]">
      <![CDATA[java.lang.AssertionError: expected [https://ojas.oneable.ai/login] but found [https://ojas.oneable.ai/]
at com.oneable.testcases.LoginPageTest.DomainVerification(LoginPageTest.java:58)
at java.base/java.util.ArrayList.forEach(ArrayList.java:1511)
... Removed 33 stack frames]]>
    </failure>
  </testcase> <!-- DomainVerification -->
  <testcase classname="com.oneable.testcases.LoginPageTest" name="ChangeLanguge" time="0.0">
    <ignored/>
  </testcase> <!-- ChangeLanguge -->
  <testcase classname="com.oneable.testcases.LoginPageTest" name="empProductivityTc03" time="0.0">
    <ignored/>
  </testcase> <!-- empProductivityTc03 -->
  <testcase classname="com.oneable.testcases.LoginPageTest" name="Tc05" time="0.0">
    <ignored/>
  </testcase> <!-- Tc05 -->
  <testcase classname="com.oneable.testcases.LoginPageTest" name="backTc02" time="0.0">
    <ignored/>
  </testcase> <!-- backTc02 -->
  <testcase classname="com.oneable.testcases.LoginPageTest" name="Tc06" time="0.0">
    <ignored/>
  </testcase> <!-- Tc06 -->
  <testcase classname="com.oneable.testcases.LoginPageTest" name="Tc04" time="0.0">
    <ignored/>
  </testcase> <!-- Tc04 -->
  <testcase classname="com.oneable.testcases.LoginPageTest" name="Tc07" time="0.0">
    <ignored/>
  </testcase> <!-- Tc07 -->
</testsuite> <!-- Default test(failed) -->
