<?xml version="1.0" encoding="UTF-8"?>
<!-- Generated by org.testng.reporters.JUnitXMLReporter -->
<testsuite ignored="1" hostname="ojas-dl663" failures="1" tests="12" name="Command line test" time="0.05" errors="0" timestamp="2023-06-19T09:57:08 IST">
  <testcase classname="TestNGPractice.AnnotationsTest" name="testCase1" time="0.001"/>
  <testcase classname="TestNGPractice.AnnotationsTest" name="testCase2" time="0.001"/>
  <testcase classname="TestNGPractice.GroupsTest" name="test1" time="0.0"/>
  <testcase classname="TestNGPractice.GroupsTest" name="test2" time="0.0"/>
  <testcase classname="TestNGPractice.IgnoreTest" name="test1" time="0.002"/>
  <testcase classname="TestNGPractice.IgnoreTest" name="test3" time="0.001"/>
  <testcase classname="TestNGPractice.ParameterizedTest" name="browserTest" time="0.0">
    <failure type="org.testng.TestNGException" message="
Parameter &amp;apos;browser&amp;apos; is required by @Test on method browserTest but has not been marked @Optional or defined
">
      <![CDATA[org.testng.TestNGException: 
Parameter 'browser' is required by @Test on method browserTest but has not been marked @Optional or defined

at java.base/java.util.ArrayList.forEach(ArrayList.java:1511)
... Removed 36 stack frames]]>
    </failure>
  </testcase> <!-- browserTest -->
  <testcase classname="TestNGPractice.PriorityTest" name="c_method" time="0.0"/>
  <testcase classname="TestNGPractice.PriorityTest" name="d_method" time="0.0"/>
  <testcase classname="TestNGPractice.PriorityTest" name="a_method" time="0.0"/>
  <testcase classname="TestNGPractice.PriorityTest" name="e_method" time="0.0"/>
  <testcase classname="TestNGPractice.PriorityTest" name="b_method" time="0.001"/>
  <testcase classname="TestNGPractice.IgnoreTest" name="test2" time="0.0">
    <ignored/>
  </testcase> <!-- test2 -->
</testsuite> <!-- Command line test -->
